{"total": {"lines":{"total":65,"covered":27,"skipped":0,"pct":41.53},"statements":{"total":79,"covered":31,"skipped":0,"pct":39.24},"functions":{"total":28,"covered":5,"skipped":0,"pct":17.85},"branches":{"total":27,"covered":12,"skipped":0,"pct":44.44},"branchesTrue":{"total":0,"covered":0,"skipped":0,"pct":100}}
,"/Users/rambabubandam/My Drive/Documents-Master/Workspace/CursorWorkspace/SamplePaperClip/TimeZoneCoverter/src/App.tsx": {"lines":{"total":37,"covered":0,"skipped":0,"pct":0},"functions":{"total":23,"covered":0,"skipped":0,"pct":0},"statements":{"total":47,"covered":0,"skipped":0,"pct":0},"branches":{"total":14,"covered":0,"skipped":0,"pct":0}}
,"/Users/rambabubandam/My Drive/Documents-Master/Workspace/CursorWorkspace/SamplePaperClip/TimeZoneCoverter/src/main.tsx": {"lines":{"total":1,"covered":0,"skipped":0,"pct":0},"functions":{"total":0,"covered":0,"skipped":0,"pct":100},"statements":{"total":1,"covered":0,"skipped":0,"pct":0},"branches":{"total":0,"covered":0,"skipped":0,"pct":100}}
,"/Users/rambabubandam/My Drive/Documents-Master/Workspace/CursorWorkspace/SamplePaperClip/TimeZoneCoverter/src/engine/timezone.ts": {"lines":{"total":27,"covered":27,"skipped":0,"pct":100},"functions":{"total":5,"covered":5,"skipped":0,"pct":100},"statements":{"total":31,"covered":31,"skipped":0,"pct":100},"branches":{"total":13,"covered":12,"skipped":0,"pct":92.3}}
}
